{"contracts\\Deposit.sol":{"l":{"37":0,"38":0,"45":1,"46":0,"54":3,"64":0,"66":0,"74":0,"76":0,"87":0,"88":0,"90":0,"94":0},"path":"D:\\SolidityProjects\\DepositContract\\contracts\\Deposit.sol","s":{"1":0,"2":1,"3":3,"4":0,"5":0,"6":0,"7":0,"8":0,"9":0,"10":0,"11":0},"b":{"1":[0,0],"2":[0,1]},"f":{"1":0,"2":1,"3":3,"4":0,"5":0,"6":0,"7":0},"fnMap":{"1":{"name":"OnlyOwner","line":35,"loc":{"start":{"line":35,"column":4},"end":{"line":39,"column":4}}},"2":{"name":"checkAmount","line":43,"loc":{"start":{"line":43,"column":4},"end":{"line":47,"column":4}}},"3":{"name":"constructor","line":52,"loc":{"start":{"line":52,"column":4},"end":{"line":55,"column":4}}},"4":{"name":"deposit","line":61,"loc":{"start":{"line":61,"column":4},"end":{"line":67,"column":4}}},"5":{"name":"getBalance","line":73,"loc":{"start":{"line":73,"column":4},"end":{"line":77,"column":4}}},"6":{"name":"selfDestruct","line":85,"loc":{"start":{"line":85,"column":4},"end":{"line":91,"column":4}}},"7":{"name":"getOwner","line":93,"loc":{"start":{"line":93,"column":4},"end":{"line":95,"column":4}}}},"statementMap":{"1":{"start":{"line":37,"column":8},"end":{"line":37,"column":62}},"2":{"start":{"line":45,"column":8},"end":{"line":45,"column":47}},"3":{"start":{"line":54,"column":8},"end":{"line":54,"column":25}},"4":{"start":{"line":64,"column":8},"end":{"line":64,"column":48}},"5":{"start":{"line":66,"column":8},"end":{"line":66,"column":58}},"6":{"start":{"line":74,"column":8},"end":{"line":74,"column":61}},"7":{"start":{"line":76,"column":8},"end":{"line":76,"column":36}},"8":{"start":{"line":87,"column":8},"end":{"line":87,"column":35}},"9":{"start":{"line":88,"column":8},"end":{"line":88,"column":37}},"10":{"start":{"line":90,"column":8},"end":{"line":90,"column":38}},"11":{"start":{"line":94,"column":8},"end":{"line":94,"column":20}}},"branchMap":{"1":{"line":37,"type":"if","locations":[{"start":{"line":37,"column":8},"end":{"line":37,"column":8}},{"start":{"line":37,"column":8},"end":{"line":37,"column":8}}]},"2":{"line":45,"type":"if","locations":[{"start":{"line":45,"column":8},"end":{"line":45,"column":8}},{"start":{"line":45,"column":8},"end":{"line":45,"column":8}}]}}}}