TN:
SF:D:\SolidityProjects\DepositContract\contracts\Deposit.sol
FN:35,OnlyOwner
FN:43,checkAmount
FN:52,constructor
FN:61,deposit
FN:73,getBalance
FN:85,selfDestruct
FN:93,getOwner
FNF:7
FNH:2
FNDA:0,OnlyOwner
FNDA:1,checkAmount
FNDA:3,constructor
FNDA:0,deposit
FNDA:0,getBalance
FNDA:0,selfDestruct
FNDA:0,getOwner
DA:37,0
DA:38,0
DA:45,1
DA:46,0
DA:54,3
DA:64,0
DA:66,0
DA:74,0
DA:76,0
DA:87,0
DA:88,0
DA:90,0
DA:94,0
LF:13
LH:2
BRDA:37,1,0,0
BRDA:37,1,1,0
BRDA:45,2,0,0
BRDA:45,2,1,1
BRF:4
BRH:1
end_of_record
